Base path: C:/Apps/Unity/Editor/Data
Pipe name: \\.\pipe\UnityShaderCompiler-1-3712
Cmd: getPlatforms
Cmd: preprocess
  insize=5128 outsize=573 ok=1
Cmd: compileSnippet
  api=4 type=0 insize=4856 outsize=5320 kw= ok=1
Cmd: compileSnippet
  api=4 type=1 insize=4856 outsize=900 kw= ok=1
Cmd: preprocess
  insize=5124 outsize=573 ok=1
Cmd: compileSnippet
  api=4 type=0 insize=4852 outsize=5320 kw= ok=1
Cmd: compileSnippet
  api=4 type=1 insize=4852 outsize=900 kw= ok=1
Cmd: preprocess
  insize=5124 outsize=573 ok=1
Cmd: compileSnippet
  api=4 type=0 insize=4852 outsize=5239 kw= ok=1
Cmd: compileSnippet
  api=4 type=1 insize=4852 outsize=900 kw= ok=1
Cmd: preprocess
  insize=5126 outsize=573 ok=1
Cmd: compileSnippet
  api=4 type=0 insize=4854 outsize=5239 kw= ok=1
Cmd: compileSnippet
  api=4 type=1 insize=4854 outsize=900 kw= ok=1
Cmd: preprocess
  insize=5126 outsize=573 ok=1
Cmd: compileSnippet
  api=4 type=0 insize=4854 outsize=5320 kw= ok=1
Cmd: compileSnippet
  api=4 type=1 insize=4854 outsize=900 kw= ok=1
Cmd: preprocess
  insize=5124 outsize=573 ok=1
Cmd: preprocess
  insize=5567 outsize=573 ok=1
Cmd: compileSnippet
  error: 2 plat 4 at (80): undeclared identifier 'DecodeFloatRGBA'
  api=4 type=0 insize=5295 outsize=0 kw= ok=0
Cmd: preprocess
  insize=5598 outsize=573 ok=1
Cmd: compileSnippet
  api=4 type=0 insize=5326 outsize=6206 kw= ok=1
Cmd: compileSnippet
  api=4 type=1 insize=5326 outsize=900 kw= ok=1
Cmd: preprocess
  insize=5598 outsize=573 ok=1
Cmd: preprocess
  insize=5622 outsize=573 ok=1
Cmd: compileSnippet
  api=4 type=0 insize=5350 outsize=6401 kw= ok=1
Cmd: compileSnippet
  api=4 type=1 insize=5350 outsize=900 kw= ok=1
Cmd: preprocess
  insize=5622 outsize=573 ok=1
Cmd: preprocess
  insize=5646 outsize=573 ok=1
Cmd: compileSnippet
  api=4 type=0 insize=5374 outsize=6604 kw= ok=1
Cmd: compileSnippet
  api=4 type=1 insize=5374 outsize=900 kw= ok=1
Cmd: preprocess
  insize=5646 outsize=573 ok=1
Cmd: preprocess
  insize=5598 outsize=573 ok=1
Cmd: preprocess
  insize=5622 outsize=573 ok=1
Cmd: preprocess
  insize=5638 outsize=573 ok=1
Cmd: compileSnippet
  api=4 type=0 insize=5366 outsize=6498 kw= ok=1
Cmd: compileSnippet
  api=4 type=1 insize=5366 outsize=900 kw= ok=1
Cmd: preprocess
  insize=5666 outsize=573 ok=1
Cmd: compileSnippet
  api=4 type=0 insize=5394 outsize=6377 kw= ok=1
Cmd: compileSnippet
  api=4 type=1 insize=5394 outsize=900 kw= ok=1
Cmd: preprocess
  insize=7214 outsize=573 ok=1
Cmd: compileSnippet
  api=4 type=0 insize=6942 outsize=10496 kw= ok=1
Cmd: compileSnippet
  api=4 type=1 insize=6942 outsize=900 kw= ok=1
Cmd: preprocess
  insize=7214 outsize=573 ok=1
Cmd: preprocess
  insize=7214 outsize=573 ok=1
Cmd: compileSnippet
  api=4 type=0 insize=6942 outsize=10496 kw= ok=1
Cmd: compileSnippet
  api=4 type=1 insize=6942 outsize=900 kw= ok=1
Cmd: preprocess
  insize=7212 outsize=571 ok=1
Cmd: preprocess
  insize=7210 outsize=569 ok=1
Cmd: preprocess
  insize=7208 outsize=569 ok=1
Cmd: compileSnippet
  api=4 type=0 insize=6940 outsize=10496 kw= ok=1
Cmd: compileSnippet
  api=4 type=1 insize=6940 outsize=900 kw= ok=1
